-------------------------------------------------------------------------------
Test set: com.demoqa.test.ElementsTest
-------------------------------------------------------------------------------
Tests run: 12, Failures: 2, Errors: 2, Skipped: 0, Time elapsed: 82.22 s <<< FAILURE! -- in com.demoqa.test.ElementsTest
com.demoqa.test.ElementsTest.textBoxWithParameterTest(String, String, String)[4] -- Time elapsed: 4.929 s <<< ERROR!
org.openqa.selenium.ElementClickInterceptedException: 
element click intercepted: Element is not clickable at point (671, -109)
  (Session info: chrome=151.0.7922.174)
Build info: version: '4.47.0', revision: '9175ed9 9175ed94d83e87cc3abeb7c9fd91367d17849d35'
System info: os.name: 'Windows 11', os.arch: 'amd64', os.version: '10.0', java.version: '21.0.9'
Driver info: org.openqa.selenium.chrome.ChromeDriver
Command: [ed75161778114913085c504c86547c69, clickElement {id=f.48FD919F06D52B3D2C1CF09D8F12BD0C.d.65CDA9A6D5687EA035AF9A659326CB2E.e.21}]
Capabilities {acceptInsecureCerts: false, browserName: chrome, browserVersion: 151.0.7922.174, chrome: {chromedriverVersion: 151.0.7922.138 (41fa8244239..., userDataDir: C:\Users\750033\AppData\Loc...}, fedcm:accounts: true, goog:chromeOptions: {debuggerAddress: localhost:49361}, goog:processID: 13984, networkConnectionEnabled: false, pageLoadStrategy: normal, platformName: windows, proxy: Proxy(), se:cdp: ws://localhost:49361/devtoo..., se:cdpVersion: 151.0.7922.174, setWindowRect: true, strictFileInteractability: false, timeouts: {implicit: 0, pageLoad: 300000, script: 30000}, unhandledPromptBehavior: dismiss and notify, webauthn:extension:credBlob: true, webauthn:extension:largeBlob: true, webauthn:extension:minPinLength: true, webauthn:extension:prf: true, webauthn:virtualAuthenticators: true}
Element: [[ChromeDriver: chrome on windows (ed75161778114913085c504c86547c69)] -> id: userName]
Session ID: ed75161778114913085c504c86547c69
	at org.openqa.selenium.remote.ErrorCodec.decode(ErrorCodec.java:169)
	at org.openqa.selenium.remote.codec.w3c.W3CHttpResponseCodec.decode(W3CHttpResponseCodec.java:143)
	at org.openqa.selenium.remote.codec.w3c.W3CHttpResponseCodec.decode(W3CHttpResponseCodec.java:50)
	at org.openqa.selenium.remote.HttpCommandExecutor.execute(HttpCommandExecutor.java:196)
	at org.openqa.selenium.remote.service.DriverCommandExecutor.invokeExecute(DriverCommandExecutor.java:217)
	at org.openqa.selenium.remote.service.DriverCommandExecutor.execute(DriverCommandExecutor.java:175)
	at org.openqa.selenium.remote.RemoteWebDriver.execute(RemoteWebDriver.java:653)
	at org.openqa.selenium.remote.RemoteWebElement.execute(RemoteWebElement.java:225)
	at org.openqa.selenium.remote.RemoteWebElement.click(RemoteWebElement.java:79)
	at java.base/jdk.internal.reflect.DirectMethodHandleAccessor.invoke(DirectMethodHandleAccessor.java:103)
	at java.base/java.lang.reflect.Method.invoke(Method.java:580)
	at org.openqa.selenium.support.decorators.WebDriverDecorator.call(WebDriverDecorator.java:326)
	at org.openqa.selenium.support.decorators.DefaultDecorated.call(DefaultDecorated.java:48)
	at org.openqa.selenium.support.decorators.WebDriverDecorator.lambda$createProxyFactory$0(WebDriverDecorator.java:416)
	at net.bytebuddy.renamed.java.lang.Object$ByteBuddy$FdGqt7Sj.click(Unknown Source)
	at java.base/jdk.internal.reflect.DirectMethodHandleAccessor.invoke(DirectMethodHandleAccessor.java:103)
	at java.base/java.lang.reflect.Method.invoke(Method.java:580)
	at org.openqa.selenium.support.pagefactory.internal.LocatingElementHandler.invoke(LocatingElementHandler.java:51)
	at jdk.proxy2/jdk.proxy2.$Proxy61.click(Unknown Source)
	at com.demoqa.core.BasePage.click(BasePage.java:41)
	at com.demoqa.core.BasePage.type(BasePage.java:46)
	at com.demoqa.core.BasePage.typeWithJS(BasePage.java:37)
	at com.demoqa.pages.elements.TextBoxPage.enterPersonalData(TextBoxPage.java:49)
	at com.demoqa.test.ElementsTest.textBoxWithParameterTest(ElementsTest.java:60)

com.demoqa.test.ElementsTest.checkBrokenImagesTest -- Time elapsed: 4.691 s <<< FAILURE!
org.assertj.core.error.AssertJMultipleFailuresError: 

Multiple Failures (2 failures)
-- failure 1 --Broken image ->https://demoqa.com/images/Toolsqa.jpg
at BrokenLinksImagesPage.checkBrokenImages(BrokenLinksImagesPage.java:54)
-- failure 2 --Broken image ->https://demoqa.com/images/Toolsqa_1.jpg
at BrokenLinksImagesPage.checkBrokenImages(BrokenLinksImagesPage.java:54)
	at com.demoqa.pages.elements.BrokenLinksImagesPage.checkBrokenImages(BrokenLinksImagesPage.java:61)
	at com.demoqa.test.ElementsTest.checkBrokenImagesTest(ElementsTest.java:90)

com.demoqa.test.ElementsTest.checkBrokenLinksTest -- Time elapsed: 4.159 s <<< FAILURE!
org.assertj.core.error.AssertJMultipleFailuresError: 

Multiple Failures (1 failure)
-- failure 1 --http://the-internet.herokuapp.com/status_codes/500 --> Internal Server Error is a BROKEN links
at BasePage.verifyLinks(BasePage.java:99)
	at com.demoqa.pages.elements.BrokenLinksImagesPage.checkBrokenLinks(BrokenLinksImagesPage.java:34)
	at com.demoqa.test.ElementsTest.checkBrokenLinksTest(ElementsTest.java:84)

com.demoqa.test.ElementsTest.performKeyEventTest -- Time elapsed: 28.80 s <<< ERROR!
org.openqa.selenium.NoSuchElementException: 
no such element: Unable to locate element: {"method":"css selector","selector":"#uploadedFilePath"}
  (Session info: chrome=151.0.7922.174)
For documentation on this error, please visit: https://www.selenium.dev/documentation/webdriver/troubleshooting/errors#nosuchelementexception
Build info: version: '4.47.0', revision: '9175ed9 9175ed94d83e87cc3abeb7c9fd91367d17849d35'
System info: os.name: 'Windows 11', os.arch: 'amd64', os.version: '10.0', java.version: '21.0.9'
Driver info: org.openqa.selenium.chrome.ChromeDriver
Command: [2af3af9479ad0a95cd300538e182b568, findElement {using=id, value=uploadedFilePath}]
Capabilities {acceptInsecureCerts: false, browserName: chrome, browserVersion: 151.0.7922.174, chrome: {chromedriverVersion: 151.0.7922.138 (41fa8244239..., userDataDir: C:\Users\750033\AppData\Loc...}, fedcm:accounts: true, goog:chromeOptions: {debuggerAddress: localhost:65406}, goog:processID: 6500, networkConnectionEnabled: false, pageLoadStrategy: normal, platformName: windows, proxy: Proxy(), se:cdp: ws://localhost:65406/devtoo..., se:cdpVersion: 151.0.7922.174, setWindowRect: true, strictFileInteractability: false, timeouts: {implicit: 0, pageLoad: 300000, script: 30000}, unhandledPromptBehavior: dismiss and notify, webauthn:extension:credBlob: true, webauthn:extension:largeBlob: true, webauthn:extension:minPinLength: true, webauthn:extension:prf: true, webauthn:virtualAuthenticators: true}
Session ID: 2af3af9479ad0a95cd300538e182b568
	at org.openqa.selenium.remote.ErrorCodec.decode(ErrorCodec.java:169)
	at org.openqa.selenium.remote.codec.w3c.W3CHttpResponseCodec.decode(W3CHttpResponseCodec.java:143)
	at org.openqa.selenium.remote.codec.w3c.W3CHttpResponseCodec.decode(W3CHttpResponseCodec.java:50)
	at org.openqa.selenium.remote.HttpCommandExecutor.execute(HttpCommandExecutor.java:196)
	at org.openqa.selenium.remote.service.DriverCommandExecutor.invokeExecute(DriverCommandExecutor.java:217)
	at org.openqa.selenium.remote.service.DriverCommandExecutor.execute(DriverCommandExecutor.java:175)
	at org.openqa.selenium.remote.RemoteWebDriver.execute(RemoteWebDriver.java:653)
	at org.openqa.selenium.remote.ElementLocation$ElementFinder$2.findElement(ElementLocation.java:173)
	at org.openqa.selenium.remote.ElementLocation.findElement(ElementLocation.java:60)
	at org.openqa.selenium.remote.RemoteWebDriver.findElement(RemoteWebDriver.java:417)
	at org.openqa.selenium.remote.RemoteWebDriver.findElement(RemoteWebDriver.java:411)
	at java.base/jdk.internal.reflect.DirectMethodHandleAccessor.invoke(DirectMethodHandleAccessor.java:103)
	at java.base/java.lang.reflect.Method.invoke(Method.java:580)
	at org.openqa.selenium.support.decorators.WebDriverDecorator.call(WebDriverDecorator.java:326)
	at org.openqa.selenium.support.decorators.DefaultDecorated.call(DefaultDecorated.java:48)
	at org.openqa.selenium.support.decorators.WebDriverDecorator.lambda$createProxyFactory$0(WebDriverDecorator.java:416)
	at net.bytebuddy.renamed.java.lang.Object$ByteBuddy$pW7L3fgs.findElement(Unknown Source)
	at org.openqa.selenium.support.pagefactory.DefaultElementLocator.findElement(DefaultElementLocator.java:69)
	at org.openqa.selenium.support.pagefactory.internal.LocatingElementHandler.invoke(LocatingElementHandler.java:38)
	at jdk.proxy2/jdk.proxy2.$Proxy61.getText(Unknown Source)
	at com.demoqa.core.BasePage.isContainsText(BasePage.java:70)
	at com.demoqa.pages.elements.UploadPage.verifyFilePath(UploadPage.java:54)
	at com.demoqa.test.ElementsTest.performKeyEventTest(ElementsTest.java:96)

